2026-01-12 03:34:05,309 INFO GET /api/tasks/ 200 0.0435s
2026-01-12 03:52:48,613 INFO POST /api/register/ 201 0.9695s
2026-01-12 03:53:49,266 INFO POST /api/token/ 200 0.8977s
2026-01-12 03:56:01,666 INFO POST /api/token/refresh/ 401 0.0s
2026-01-12 03:56:28,307 INFO POST /api/token/refresh/ 200 0.0026s
2026-01-12 03:57:59,667 INFO GET /api/tasks/1/ 404 0.0045s
2026-01-12 03:58:36,844 INFO GET /api/tasks/         404 0.1027s
2026-01-12 03:58:49,211 INFO GET /api/tasks/ 200 0.0116s
2026-01-12 04:00:29,730 INFO GET /api/subtasks/ 200 0.0103s
2026-01-12 04:01:31,013 INFO GET /api/tasks/ 200 0.0063s
2026-01-12 04:04:01,867 INFO POST /api/tasks/ 400 0.2771s
2026-01-12 04:04:10,084 INFO POST /api/tasks/ 201 0.0683s
2026-01-12 04:05:01,638 INFO POST /api/categories/  404 0.0057s
2026-01-12 04:05:27,468 INFO POST /api/tasks/ 401 0.001s
2026-01-12 04:45:51,653 INFO POST /api/register/ 201 0.9389615058898926s
2026-01-12 04:47:05,891 INFO POST /api/token/ 200 0.9014382362365723s
2026-01-12 04:49:22,756 INFO POST /api/tasks/ 201 0.23883748054504395s
2026-01-12 04:50:37,334 INFO GET /api/tasks/my/ 200 0.012302875518798828s
2026-01-12 04:51:59,048 INFO GET /api/tasks/ 200 0.0057184696197509766s
2026-01-12 04:52:37,146 INFO POST /api/register/ 201 1.0439529418945312s
2026-01-12 04:52:58,729 INFO POST /api/token/ 200 0.8418877124786377s
2026-01-12 04:53:56,596 INFO DELETE /api/tasks/1/ 404 0.004816532135009766s
2026-01-12 04:53:56,598 WARNING Not Found: /api/tasks/1/
2026-01-12 04:54:07,115 INFO DELETE /api/tasks/2/ 403 0.003997087478637695s
2026-01-12 04:54:07,115 WARNING Forbidden: /api/tasks/2/
